2020-05--19 03:21::40.818[main] DEBUG c.imooc.o2o.dao.ShopCategoryDao.queryShopCategory - ==>  Preparing: SELECT shop_category_id, shop_category_name, shop_category_desc, shop_category_img, priority, create_time, last_edit_time, parent_id from tb_shop_category WHERE parent_id is null order by priority desc; 
2020-05--19 03:21::40.861[main] DEBUG c.imooc.o2o.dao.ShopCategoryDao.queryShopCategory - ==> Parameters: 
2020-05--19 03:21::40.937[main] DEBUG c.imooc.o2o.dao.ShopCategoryDao.queryShopCategory - <==      Total: 2
2020-05--19 03:40::35.884[main] DEBUG com.imooc.o2o.dao.ShopDao.updateShop - ==>  Preparing: update tb_shop SET shop_name=?, shop_desc=?, shop_addr=?, -- area_id=? where shop_id=? 
2020-05--19 03:43::50.028[main] DEBUG com.imooc.o2o.dao.ShopDao.updateShop - ==>  Preparing: update tb_shop SET shop_name=?, shop_desc=?, shop_addr=? where shop_id=? 
2020-05--19 03:43::50.065[main] DEBUG com.imooc.o2o.dao.ShopDao.updateShop - ==> Parameters: update店铺(String), update描述(String), update地址(String), 33(Long)
2020-05--19 03:43::50.146[main] DEBUG com.imooc.o2o.dao.ShopDao.updateShop - <==    Updates: 1
2020-05--19 03:45::37.227[main] DEBUG com.imooc.o2o.dao.ShopDao.updateShop - ==>  Preparing: update tb_shop SET shop_name=?, shop_desc=?, shop_addr=? where shop_id=? 
2020-05--19 03:45::37.264[main] DEBUG com.imooc.o2o.dao.ShopDao.updateShop - ==> Parameters: update店铺(String), update描述(String), update地址(String), 33(Long)
2020-05--19 03:45::37.341[main] DEBUG com.imooc.o2o.dao.ShopDao.updateShop - <==    Updates: 1
2020-05--19 11:33::22.684[main] DEBUG com.imooc.o2o.dao.LocalAuthDao.insertLocalAuth - ==>  Preparing: INSERT INTO tb_local_auth(username,password,user_id,create_time,last_edit_time) VALUES(?,?,?,?,?) 
2020-05--19 11:33::22.800[main] DEBUG com.imooc.o2o.dao.LocalAuthDao.insertLocalAuth - ==> Parameters: 123111(String), 695s055y55ss55s55sq652b229esybb9(String), 13(Long), null, 2020-05-19 11:33:21.857(Timestamp)
2020-05--19 11:33::22.902[main] DEBUG com.imooc.o2o.dao.LocalAuthDao.insertLocalAuth - <==    Updates: 1
2020-05--19 11:35::00.106[main] DEBUG com.imooc.o2o.dao.LocalAuthDao.insertLocalAuth - ==>  Preparing: INSERT INTO tb_local_auth(username,password,user_id,create_time,last_edit_time) VALUES(?,?,?,?,?) 
2020-05--19 11:35::00.163[main] DEBUG com.imooc.o2o.dao.LocalAuthDao.insertLocalAuth - ==> Parameters: 123111(String), 26l59e9lb255b2lysb60yl6655s95sb0(String), 13(Long), null, 2020-05-19 11:34:59.415(Timestamp)
2020-05--19 11:35::00.300[main] DEBUG com.imooc.o2o.dao.LocalAuthDao.insertLocalAuth - <==    Updates: 1
2020-05--19 12:55::16.341[main] DEBUG c.i.o2o.dao.UserAwardMapDao.queryUserAwardMapById - ==>  Preparing: SELECT uam.user_award_id, uam.create_time, uam.used_status, uam.point, buyer.user_id, buyer.name, s.shop_Id, s.shop_name, a.award_id, a.award_name, operator.user_id AS operator_id, operator.name as operator_name FROM tb_user_award_map uam, tb_person_info buyer, tb_shop s, tb_award a, tb_person_info operator where uam.user_id = buyer.user_id and uam.shop_id = s.shop_id and uam.award_id = a.award_id and uam.operator_id = operator.user_id and user_award_id = ? 
2020-05--19 12:55::16.384[main] DEBUG c.i.o2o.dao.UserAwardMapDao.queryUserAwardMapById - ==> Parameters: 1(Long)
2020-05--19 12:55::16.451[main] DEBUG c.i.o2o.dao.UserAwardMapDao.queryUserAwardMapById - <==      Total: 1
2020-05--19 12:55::16.459[main] DEBUG com.imooc.o2o.dao.AwardDao.queryAwardByAwardId - ==>  Preparing: SELECT award_id, award_name, award_desc, award_img, point, priority, create_time, last_edit_time, enable_status, shop_id FROM tb_award WHERE award_id = ? 
2020-05--19 12:55::16.460[main] DEBUG com.imooc.o2o.dao.AwardDao.queryAwardByAwardId - ==> Parameters: 2(Long)
2020-05--19 12:55::16.512[main] DEBUG com.imooc.o2o.dao.AwardDao.queryAwardByAwardId - <==      Total: 1
2020-05--19 13:01::21.010[main] DEBUG c.i.o2o.dao.UserAwardMapDao.queryUserAwardMapById - ==>  Preparing: SELECT uam.user_award_id, uam.create_time, uam.used_status, uam.point, buyer.user_id, buyer.name, s.shop_Id, s.shop_name, a.award_id, a.award_name, operator.user_id AS operator_id, operator.name as operator_name FROM tb_user_award_map uam, tb_person_info buyer, tb_shop s, tb_award a, tb_person_info operator where uam.user_id = buyer.user_id and uam.shop_id = s.shop_id and uam.award_id = a.award_id and uam.operator_id = operator.user_id and user_award_id = ? 
2020-05--19 13:01::21.057[main] DEBUG c.i.o2o.dao.UserAwardMapDao.queryUserAwardMapById - ==> Parameters: 21(Long)
2020-05--19 13:01::21.127[main] DEBUG c.i.o2o.dao.UserAwardMapDao.queryUserAwardMapById - <==      Total: 0
2020-05--19 13:05::53.906[main] DEBUG c.i.o2o.dao.UserAwardMapDao.queryUserAwardMapById - ==>  Preparing: SELECT uam.user_award_id, uam.create_time, uam.used_status, uam.point, buyer.user_id, buyer.name, s.shop_Id, s.shop_name, a.award_id, a.award_name, operator.user_id AS operator_id, operator.name as operator_name FROM tb_user_award_map uam, tb_person_info buyer, tb_shop s, tb_award a, tb_person_info operator where uam.user_id = buyer.user_id and uam.shop_id = s.shop_id and uam.award_id = a.award_id and uam.operator_id = operator.user_id and uma.user_award_id = ? 
2020-05--19 13:05::53.948[main] DEBUG c.i.o2o.dao.UserAwardMapDao.queryUserAwardMapById - ==> Parameters: 21(Long)
2020-05--19 13:06::46.520[main] DEBUG c.i.o2o.dao.UserAwardMapDao.queryUserAwardMapById - ==>  Preparing: SELECT uam.user_award_id, uam.create_time, uam.used_status, uam.point, buyer.user_id, buyer.name, s.shop_Id, s.shop_name, a.award_id, a.award_name, operator.user_id AS operator_id, operator.name as operator_name FROM tb_user_award_map uam, tb_person_info buyer, tb_shop s, tb_award a, tb_person_info operator where uam.user_id = buyer.user_id and uam.shop_id = s.shop_id and uam.award_id = a.award_id and uam.operator_id = operator.user_id and uma.user_award_id = ? 
2020-05--19 13:06::46.567[main] DEBUG c.i.o2o.dao.UserAwardMapDao.queryUserAwardMapById - ==> Parameters: 21(Long)
2020-05--19 13:07::27.051[main] DEBUG c.i.o2o.dao.UserAwardMapDao.queryUserAwardMapById - ==>  Preparing: SELECT uam.user_award_id, uam.create_time, uam.used_status, uam.point, buyer.user_id, buyer.name, s.shop_Id, s.shop_name, a.award_id, a.award_name, operator.user_id AS operator_id, operator.name as operator_name FROM tb_user_award_map uam, tb_person_info buyer, tb_shop s, tb_award a, tb_person_info operator where uam.user_id = buyer.user_id and uam.shop_id = s.shop_id and uam.award_id = a.award_id and uam.operator_id = operator.user_id and uam.user_award_id = ? 
2020-05--19 13:07::27.099[main] DEBUG c.i.o2o.dao.UserAwardMapDao.queryUserAwardMapById - ==> Parameters: 21(Long)
2020-05--19 13:07::27.158[main] DEBUG c.i.o2o.dao.UserAwardMapDao.queryUserAwardMapById - <==      Total: 0
2020-05--19 13:11::23.433[main] DEBUG c.i.o2o.dao.UserAwardMapDao.queryUserAwardMapById - ==>  Preparing: SELECT uam.user_award_id, uam.create_time, uam.used_status, uam.point, buyer.user_id, buyer.name, s.shop_Id, s.shop_name, a.award_id, a.award_name, operator.user_id AS operator_id, operator.name as operator_name FROM tb_user_award_map uam, tb_person_info buyer, tb_shop s, tb_award a, tb_person_info operator where uam.user_id = buyer.user_id and uam.shop_id = s.shop_id and uam.award_id = a.award_id and uam.operator_id = operator.user_id and uam.user_award_id = ? 
2020-05--19 13:11::23.474[main] DEBUG c.i.o2o.dao.UserAwardMapDao.queryUserAwardMapById - ==> Parameters: 21(Long)
2020-05--19 13:11::23.538[main] DEBUG c.i.o2o.dao.UserAwardMapDao.queryUserAwardMapById - <==      Total: 0
2020-05--19 13:12::10.381[main] DEBUG c.i.o2o.dao.UserAwardMapDao.queryUserAwardMapById - ==>  Preparing: SELECT uam.user_award_id, uam.create_time, uam.used_status, uam.point, buyer.user_id, buyer.name, s.shop_Id, s.shop_name, a.award_id, a.award_name, operator.user_id AS operator_id, operator.name as operator_name FROM tb_user_award_map uam, tb_person_info buyer, tb_shop s, tb_award a, tb_person_info operator where uam.user_id = buyer.user_id and uam.shop_id = s.shop_id and uam.award_id = a.award_id and uam.operator_id = operator.user_id and uam.user_award_id = ? 
2020-05--19 13:12::10.438[main] DEBUG c.i.o2o.dao.UserAwardMapDao.queryUserAwardMapById - ==> Parameters: 21(Long)
2020-05--19 13:12::10.498[main] DEBUG c.i.o2o.dao.UserAwardMapDao.queryUserAwardMapById - <==      Total: 0
2020-05--19 13:13::35.973[main] DEBUG c.i.o2o.dao.UserAwardMapDao.queryUserAwardMapById - ==>  Preparing: SELECT uam.user_award_id, uam.create_time, uam.used_status, uam.point, buyer.user_id, buyer.name, s.shop_Id, s.shop_name, a.award_id, a.award_name, operator.user_id AS operator_id, operator.name as operator_name FROM tb_user_award_map uam, tb_person_info buyer, tb_shop s, tb_award a, tb_person_info operator where uam.user_id = buyer.user_id and uam.shop_id = s.shop_id and uam.award_id = a.award_id and uam.operator_id = operator.user_id and uam.user_award_id = ? 
2020-05--19 13:13::36.020[main] DEBUG c.i.o2o.dao.UserAwardMapDao.queryUserAwardMapById - ==> Parameters: 21(Long)
2020-05--19 13:13::36.097[main] DEBUG c.i.o2o.dao.UserAwardMapDao.queryUserAwardMapById - <==      Total: 0
2020-05--19 13:15::21.396[main] DEBUG c.i.o2o.dao.UserAwardMapDao.queryUserAwardMapById - ==>  Preparing: SELECT uam.user_award_id, uam.create_time, uam.used_status, uam.point, buyer.user_id, buyer.name, s.shop_Id, s.shop_name, a.award_id, a.award_name, operator.user_id AS operator_id, operator.name as operator_name FROM tb_user_award_map uam, tb_person_info buyer, tb_shop s, tb_award a, tb_person_info operator where uam.user_id = buyer.user_id and uam.shop_id = s.shop_id and uam.award_id = a.award_id and uam.operator_id = operator.user_id and uam.user_award_id = ? 
2020-05--19 13:15::21.433[main] DEBUG c.i.o2o.dao.UserAwardMapDao.queryUserAwardMapById - ==> Parameters: 21(Long)
2020-05--19 13:15::21.500[main] DEBUG c.i.o2o.dao.UserAwardMapDao.queryUserAwardMapById - <==      Total: 0
2020-05--19 13:15::50.897[main] DEBUG c.i.o2o.dao.UserAwardMapDao.queryUserAwardMapById - ==>  Preparing: SELECT uam.user_award_id, uam.create_time, uam.used_status, uam.point, buyer.user_id, buyer.name, s.shop_Id, s.shop_name, a.award_id, a.award_name, operator.user_id AS operator_id, operator.name as operator_name FROM tb_user_award_map uam, tb_person_info buyer, tb_shop s, tb_award a, tb_person_info operator where uam.user_id = buyer.user_id and uam.shop_id = s.shop_id and uam.award_id = a.award_id and uam.operator_id = operator.user_id and uam.user_award_id = ? 
2020-05--19 13:15::51.227[main] DEBUG c.i.o2o.dao.UserAwardMapDao.queryUserAwardMapById - ==> Parameters: 21(Long)
2020-05--19 13:15::51.510[main] DEBUG c.i.o2o.dao.UserAwardMapDao.queryUserAwardMapById - <==      Total: 0
2020-05--19 13:20::07.129[main] DEBUG c.i.o2o.dao.UserAwardMapDao.queryUserAwardMapList - ==>  Preparing: SELECT uam.user_award_id, uam.create_time, uam.used_status, uam.point, buyer.user_id, buyer.name, s.shop_Id, s.shop_name, a.award_id, a.award_name, operator.user_id AS operator_id, operator.name AS operator_name FROM tb_user_award_map uam, tb_person_info buyer, tb_shop s, tb_award a, tb_person_info operator WHERE uam.user_id = buyer.user_id and uam.shop_id = s.shop_id and uam.award_id = a.award_id ORDER By uam.create_time desc LIMIT ?,?; 
2020-05--19 13:20::07.162[main] DEBUG c.i.o2o.dao.UserAwardMapDao.queryUserAwardMapList - ==> Parameters: 0(Integer), 999(Integer)
2020-05--19 13:20::07.257[main] DEBUG c.i.o2o.dao.UserAwardMapDao.queryUserAwardMapList - <==      Total: 96
2020-05--19 13:20::07.265[main] DEBUG c.i.o2o.dao.UserAwardMapDao.queryUserAwardMapCount - ==>  Preparing: SELECT count(1) FROM tb_user_award_map uam, tb_person_info buyer, tb_shop s, tb_award a, tb_person_info operator WHERE uam.user_id = buyer.user_id and uam.shop_id = s.shop_id and uam.award_id = a.award_id and uam.operator_id = operator.user_id 
2020-05--19 13:20::07.266[main] DEBUG c.i.o2o.dao.UserAwardMapDao.queryUserAwardMapCount - ==> Parameters: 
2020-05--19 13:20::07.306[main] DEBUG c.i.o2o.dao.UserAwardMapDao.queryUserAwardMapCount - <==      Total: 1
2020-05--19 13:20::07.309[main] DEBUG com.imooc.o2o.dao.AwardDao.queryAwardByAwardId - ==>  Preparing: SELECT award_id, award_name, award_desc, award_img, point, priority, create_time, last_edit_time, enable_status, shop_id FROM tb_award WHERE award_id = ? 
2020-05--19 13:20::07.309[main] DEBUG com.imooc.o2o.dao.AwardDao.queryAwardByAwardId - ==> Parameters: 2(Long)
2020-05--19 13:20::07.351[main] DEBUG com.imooc.o2o.dao.AwardDao.queryAwardByAwardId - <==      Total: 1
